Arguments: 
  /usr/local/bin/node /usr/local/bin/yarn add loadsh -S

PATH: 
  /Users/ljj/tools/devtools/groovy-3.0.0-alpha-1/bin:/Library/apache-maven-3.5.2/bin:/Library/Java/JavaVirtualMachines/jdk1.8.0_121.jdk/Contents/Home/bin:/usr/local/bin:/usr/bin:/bin:/usr/sbin:/sbin:/Users/ljj/tools/devtools/grails-3.3.2/bin

Yarn version: 
  1.5.1

Node version: 
  8.1.4

Platform: 
  darwin x64

npm manifest: 
  {
    "name": "webpack-demo",
    "version": "1.0.0",
    "description": "",
    "main": "index.js",
    "scripts": {
      "test": "echo \"Error: no test specified\" && exit 1"
    },
    "keywords": [],
    "author": "",
    "license": "ISC",
    "devDependencies": {
      "webpack": "^4.1.1"
    }
  }

yarn manifest: 
  No manifest

Lockfile: 
  No lockfile

Trace: 
  Error: Couldn't find package "loadsh" on the "npm" registry.
      at new MessageError (/usr/local/lib/node_modules/yarn/lib/cli.js:186:110)
      at NpmResolver.<anonymous> (/usr/local/lib/node_modules/yarn/lib/cli.js:51625:15)
      at Generator.next (<anonymous>)
      at step (/usr/local/lib/node_modules/yarn/lib/cli.js:98:30)
      at /usr/local/lib/node_modules/yarn/lib/cli.js:109:13
      at <anonymous>
      at process._tickCallback (internal/process/next_tick.js:169:7)
